<?xml version="1.0" encoding="UTF-8"?>
<!-- Generated by org.testng.reporters.JUnitReportReporter -->
<testsuite hostname="GPS" name="TestCases.LoginTest_001" tests="1" failures="0" timestamp="13 Dec 2020 12:39:59 GMT" time="37.379" errors="0">
  <testcase name="LoginTest" time="37.379" classname="TestCases.LoginTest_001"/>
</testsuite> <!-- TestCases.LoginTest_001 -->
