<?xml version="1.0" encoding="UTF-8"?>
<!-- Generated by org.testng.reporters.JUnitReportReporter -->
<testsuite hostname="GPS" name="TestCases.LoginTest_002" tests="2" failures="0" timestamp="13 Dec 2020 09:22:51 GMT" time="49.646" errors="0">
  <testcase name="DataDriven" time="29.948" classname="TestCases.LoginTest_002"/>
  <testcase name="DataDriven" time="19.698" classname="TestCases.LoginTest_002"/>
</testsuite> <!-- TestCases.LoginTest_002 -->
