<?xml version="1.0" encoding="UTF-8"?>
<!-- Generated by org.testng.reporters.JUnitReportReporter -->
<testsuite skipped="0" hostname="GPS" name="TestCases.LoginTest_001" tests="1" failures="0" timestamp="2020-12-13T17:24:00 IST" time="57.054" errors="0">
  <testcase name="LoginTest" time="57.054" classname="TestCases.LoginTest_001"/>
  <system-out/>
</testsuite> <!-- TestCases.LoginTest_001 -->
