<?xml version="1.0" encoding="UTF-8"?>
<!-- Generated by org.testng.reporters.JUnitReportReporter -->
<testsuite skipped="0" hostname="GPS" name="TestCases.LoginTest_002" tests="2" failures="0" timestamp="2020-12-13T17:24:00 IST" time="52.406" errors="0">
  <testcase name="DataDriven" time="27.446" classname="TestCases.LoginTest_002"/>
  <system-out/>
  <testcase name="DataDriven" time="24.960" classname="TestCases.LoginTest_002"/>
  <system-out/>
</testsuite> <!-- TestCases.LoginTest_002 -->
